<?xml version="1.0" encoding="UTF-8"?>
<!-- Generated by org.testng.reporters.JUnitReportReporter -->
<testsuite skipped="0" hostname="DESKTOP-EB8NN01" name="selenium.SearchTest" tests="1" failures="0" timestamp="2020-07-17T23:34:50 PDT" time="36.754" errors="0">
  <testcase name="productSearch" time="36.754" classname="selenium.SearchTest"/>
  <system-out/>
</testsuite> <!-- selenium.SearchTest -->
