<?xml version="1.0" encoding="UTF-8"?>
<!-- Generated by org.testng.reporters.JUnitReportReporter -->
<testsuite skipped="0" hostname="DESKTOP-EB8NN01" name="selenium.LoginTest" tests="1" failures="0" timestamp="2020-07-17T23:34:50 PDT" time="23.786" errors="0">
  <testcase name="login" time="23.786" classname="selenium.LoginTest"/>
  <system-out/>
</testsuite> <!-- selenium.LoginTest -->
